{"uid":"695456de4b47bb23","name":"test_TestCase7_Verify_Test_Cases_Page","fullName":"tests.test_Contact_Us_Form.TestContactUs#test_TestCase7_Verify_Test_Cases_Page","historyId":"6cfededf28614e80272520f085b653e6","time":{"start":1681060481981,"stop":1681060487393,"duration":5412},"status":"failed","statusMessage":"AssertionError: Page title expected to be 'Automation Practice Website for UI Testing - Test Cases'\nActual value: Automation Exercise \nCall log:\nPageAssertions.to_have_title with timeout 5000ms\nwaiting for locator(\":root\")\n  locator resolved to <html lang=\"en\">…</html>\n  unexpected value \"Automation Exercise\"\nwaiting for locator(\":root\")\n  locator resolved to <html lang=\"en\">…</html>\n  unexpected value \"Automation Exercise\"\n  locator resolved to <html lang=\"en\">…</html>\n  unexpected value \"Automation Exercise\"\n  locator resolved to <html lang=\"en\">…</html>\n  unexpected value \"Automation Exercise\"\n  locator resolved to <html lang=\"en\">…</html>\n  unexpected value \"Automation Exercise\"\n  locator resolved to <html lang=\"en\">…</html>\n  unexpected value \"Automation Exercise\"\n  locator resolved to <html lang=\"en\">…</html>\n  unexpected value \"Automation Exercise\"\n  locator resolved to <html lang=\"en\">…</html>\n  unexpected value \"Automation Exercise\"\n  locator resolved to <html lang=\"en\">…</html>\n  unexpected value \"Automation Exercise\"","statusTrace":"self = <tests.test_Contact_Us_Form.TestContactUs object at 0x7fb2da08ff90>\nnew_page = <Page url='https://automationexercise.com/#google_vignette'>\ntest_setup = None\n\n    def test_TestCase7_Verify_Test_Cases_Page(self, new_page, test_setup):\n        self.contactus.click_test_cases_btn()\n>       expect(new_page).to_have_title('Automation Practice Website for UI Testing - Test Cases')\nE       AssertionError: Page title expected to be 'Automation Practice Website for UI Testing - Test Cases'\nE       Actual value: Automation Exercise \nE       Call log:\nE       PageAssertions.to_have_title with timeout 5000ms\nE       waiting for locator(\":root\")\nE         locator resolved to <html lang=\"en\">…</html>\nE         unexpected value \"Automation Exercise\"\nE       waiting for locator(\":root\")\nE         locator resolved to <html lang=\"en\">…</html>\nE         unexpected value \"Automation Exercise\"\nE         locator resolved to <html lang=\"en\">…</html>\nE         unexpected value \"Automation Exercise\"\nE         locator resolved to <html lang=\"en\">…</html>\nE         unexpected value \"Automation Exercise\"\nE         locator resolved to <html lang=\"en\">…</html>\nE         unexpected value \"Automation Exercise\"\nE         locator resolved to <html lang=\"en\">…</html>\nE         unexpected value \"Automation Exercise\"\nE         locator resolved to <html lang=\"en\">…</html>\nE         unexpected value \"Automation Exercise\"\nE         locator resolved to <html lang=\"en\">…</html>\nE         unexpected value \"Automation Exercise\"\nE         locator resolved to <html lang=\"en\">…</html>\nE         unexpected value \"Automation Exercise\"\n\ntests/test_Contact_Us_Form.py:34: AssertionError","flaky":false,"newFailed":false,"newBroken":false,"newPassed":false,"retriesCount":0,"retriesStatusChange":false,"beforeStages":[{"name":"_verify_url","time":{"start":1681060373132,"stop":1681060373132,"duration":0},"status":"passed","steps":[],"attachments":[],"parameters":[],"stepsCount":0,"attachmentsCount":0,"shouldDisplayMessage":false,"hasContent":false},{"name":"playwright","time":{"start":1681060373132,"stop":1681060373414,"duration":282},"status":"passed","steps":[],"attachments":[],"parameters":[],"stepsCount":0,"attachmentsCount":0,"shouldDisplayMessage":false,"hasContent":false},{"name":"base_url","time":{"start":1681060373132,"stop":1681060373132,"duration":0},"status":"passed","steps":[],"attachments":[],"parameters":[],"stepsCount":0,"attachmentsCount":0,"shouldDisplayMessage":false,"hasContent":false},{"name":"pytestconfig","time":{"start":1681060373132,"stop":1681060373132,"duration":0},"status":"passed","steps":[],"attachments":[],"parameters":[],"stepsCount":0,"attachmentsCount":0,"shouldDisplayMessage":false,"hasContent":false},{"name":"delete_output_dir","time":{"start":1681060373132,"stop":1681060373132,"duration":0},"status":"passed","steps":[],"attachments":[],"parameters":[],"stepsCount":0,"attachmentsCount":0,"shouldDisplayMessage":false,"hasContent":false},{"name":"new_page","time":{"start":1681060479903,"stop":1681060481979,"duration":2076},"status":"passed","steps":[],"attachments":[],"parameters":[],"stepsCount":0,"attachmentsCount":0,"shouldDisplayMessage":false,"hasContent":false},{"name":"test_setup","time":{"start":1681060481979,"stop":1681060481980,"duration":1},"status":"passed","steps":[],"attachments":[],"parameters":[],"stepsCount":0,"attachmentsCount":0,"shouldDisplayMessage":false,"hasContent":false}],"testStage":{"status":"failed","statusMessage":"AssertionError: Page title expected to be 'Automation Practice Website for UI Testing - Test Cases'\nActual value: Automation Exercise \nCall log:\nPageAssertions.to_have_title with timeout 5000ms\nwaiting for locator(\":root\")\n  locator resolved to <html lang=\"en\">…</html>\n  unexpected value \"Automation Exercise\"\nwaiting for locator(\":root\")\n  locator resolved to <html lang=\"en\">…</html>\n  unexpected value \"Automation Exercise\"\n  locator resolved to <html lang=\"en\">…</html>\n  unexpected value \"Automation Exercise\"\n  locator resolved to <html lang=\"en\">…</html>\n  unexpected value \"Automation Exercise\"\n  locator resolved to <html lang=\"en\">…</html>\n  unexpected value \"Automation Exercise\"\n  locator resolved to <html lang=\"en\">…</html>\n  unexpected value \"Automation Exercise\"\n  locator resolved to <html lang=\"en\">…</html>\n  unexpected value \"Automation Exercise\"\n  locator resolved to <html lang=\"en\">…</html>\n  unexpected value \"Automation Exercise\"\n  locator resolved to <html lang=\"en\">…</html>\n  unexpected value \"Automation Exercise\"","statusTrace":"self = <tests.test_Contact_Us_Form.TestContactUs object at 0x7fb2da08ff90>\nnew_page = <Page url='https://automationexercise.com/#google_vignette'>\ntest_setup = None\n\n    def test_TestCase7_Verify_Test_Cases_Page(self, new_page, test_setup):\n        self.contactus.click_test_cases_btn()\n>       expect(new_page).to_have_title('Automation Practice Website for UI Testing - Test Cases')\nE       AssertionError: Page title expected to be 'Automation Practice Website for UI Testing - Test Cases'\nE       Actual value: Automation Exercise \nE       Call log:\nE       PageAssertions.to_have_title with timeout 5000ms\nE       waiting for locator(\":root\")\nE         locator resolved to <html lang=\"en\">…</html>\nE         unexpected value \"Automation Exercise\"\nE       waiting for locator(\":root\")\nE         locator resolved to <html lang=\"en\">…</html>\nE         unexpected value \"Automation Exercise\"\nE         locator resolved to <html lang=\"en\">…</html>\nE         unexpected value \"Automation Exercise\"\nE         locator resolved to <html lang=\"en\">…</html>\nE         unexpected value \"Automation Exercise\"\nE         locator resolved to <html lang=\"en\">…</html>\nE         unexpected value \"Automation Exercise\"\nE         locator resolved to <html lang=\"en\">…</html>\nE         unexpected value \"Automation Exercise\"\nE         locator resolved to <html lang=\"en\">…</html>\nE         unexpected value \"Automation Exercise\"\nE         locator resolved to <html lang=\"en\">…</html>\nE         unexpected value \"Automation Exercise\"\nE         locator resolved to <html lang=\"en\">…</html>\nE         unexpected value \"Automation Exercise\"\n\ntests/test_Contact_Us_Form.py:34: AssertionError","steps":[],"attachments":[{"uid":"36baf02fe24ac096","name":"tests/test_Contact_Us_Form.py::TestContactUs::test_TestCase7_Verify_Test_Cases_Page.png","source":"36baf02fe24ac096.png","type":"image/png","size":3574250}],"parameters":[],"stepsCount":0,"attachmentsCount":1,"shouldDisplayMessage":true,"hasContent":true},"afterStages":[{"name":"new_page::0","time":{"start":1681060489842,"stop":1681060489883,"duration":41},"status":"passed","steps":[],"attachments":[],"parameters":[],"stepsCount":0,"attachmentsCount":0,"shouldDisplayMessage":false,"hasContent":false},{"name":"playwright::0","time":{"start":1681060631549,"stop":1681060631562,"duration":13},"status":"passed","steps":[],"attachments":[],"parameters":[],"stepsCount":0,"attachmentsCount":0,"shouldDisplayMessage":false,"hasContent":false}],"labels":[{"name":"parentSuite","value":"tests"},{"name":"suite","value":"test_Contact_Us_Form"},{"name":"subSuite","value":"TestContactUs"},{"name":"host","value":"fv-az1028-301"},{"name":"thread","value":"2653-MainThread"},{"name":"framework","value":"pytest"},{"name":"language","value":"cpython3"},{"name":"package","value":"tests.test_Contact_Us_Form"},{"name":"resultFormat","value":"allure2"}],"parameters":[],"links":[],"hidden":false,"retry":false,"extra":{"severity":"normal","retries":[],"categories":[{"name":"Product defects","matchedStatuses":[],"flaky":false}],"tags":[]},"source":"695456de4b47bb23.json","parameterValues":[]}