{"uid":"c78e9da298a9f301","name":"test_TestCase21_Add_review_on_product","fullName":"tests.test_Category_Products.TestContactUs#test_TestCase21_Add_review_on_product","historyId":"8b51495a6d80d6e0cd54bdccaed12b39","time":{"start":1681060469412,"stop":1681060474672,"duration":5260},"status":"failed","statusMessage":"AssertionError: Page title expected to be 'Automation Exercise - All Products'\nActual value: Automation Exercise \nCall log:\nPageAssertions.to_have_title with timeout 5000ms\nwaiting for locator(\":root\")\n  locator resolved to <html lang=\"en\">…</html>\n  unexpected value \"Automation Exercise\"\nwaiting for locator(\":root\")\n  locator resolved to <html lang=\"en\">…</html>\n  unexpected value \"Automation Exercise\"\n  locator resolved to <html lang=\"en\">…</html>\n  unexpected value \"Automation Exercise\"\n  locator resolved to <html lang=\"en\">…</html>\n  unexpected value \"Automation Exercise\"\n  locator resolved to <html lang=\"en\">…</html>\n  unexpected value \"Automation Exercise\"\n  locator resolved to <html lang=\"en\">…</html>\n  unexpected value \"Automation Exercise\"\n  locator resolved to <html lang=\"en\">…</html>\n  unexpected value \"Automation Exercise\"\n  locator resolved to <html lang=\"en\">…</html>\n  unexpected value \"Automation Exercise\"\n  locator resolved to <html lang=\"en\">…</html>\n  unexpected value \"Automation Exercise\"","statusTrace":"self = <tests.test_Category_Products.TestContactUs object at 0x7fb2da08ee10>\nnew_page = <Page url='https://automationexercise.com/#google_vignette'>\ntest_setup = None\n\n    def test_TestCase21_Add_review_on_product(self, new_page, test_setup):\n        self.products.click_products_btn()\n>       expect(new_page).to_have_title('Automation Exercise - All Products')\nE       AssertionError: Page title expected to be 'Automation Exercise - All Products'\nE       Actual value: Automation Exercise \nE       Call log:\nE       PageAssertions.to_have_title with timeout 5000ms\nE       waiting for locator(\":root\")\nE         locator resolved to <html lang=\"en\">…</html>\nE         unexpected value \"Automation Exercise\"\nE       waiting for locator(\":root\")\nE         locator resolved to <html lang=\"en\">…</html>\nE         unexpected value \"Automation Exercise\"\nE         locator resolved to <html lang=\"en\">…</html>\nE         unexpected value \"Automation Exercise\"\nE         locator resolved to <html lang=\"en\">…</html>\nE         unexpected value \"Automation Exercise\"\nE         locator resolved to <html lang=\"en\">…</html>\nE         unexpected value \"Automation Exercise\"\nE         locator resolved to <html lang=\"en\">…</html>\nE         unexpected value \"Automation Exercise\"\nE         locator resolved to <html lang=\"en\">…</html>\nE         unexpected value \"Automation Exercise\"\nE         locator resolved to <html lang=\"en\">…</html>\nE         unexpected value \"Automation Exercise\"\nE         locator resolved to <html lang=\"en\">…</html>\nE         unexpected value \"Automation Exercise\"\n\ntests/test_Category_Products.py:68: AssertionError","flaky":false,"newFailed":false,"newBroken":false,"newPassed":false,"retriesCount":0,"retriesStatusChange":false,"beforeStages":[{"name":"_verify_url","time":{"start":1681060373132,"stop":1681060373132,"duration":0},"status":"passed","steps":[],"attachments":[],"parameters":[],"stepsCount":0,"attachmentsCount":0,"shouldDisplayMessage":false,"hasContent":false},{"name":"playwright","time":{"start":1681060373132,"stop":1681060373414,"duration":282},"status":"passed","steps":[],"attachments":[],"parameters":[],"stepsCount":0,"attachmentsCount":0,"shouldDisplayMessage":false,"hasContent":false},{"name":"base_url","time":{"start":1681060373132,"stop":1681060373132,"duration":0},"status":"passed","steps":[],"attachments":[],"parameters":[],"stepsCount":0,"attachmentsCount":0,"shouldDisplayMessage":false,"hasContent":false},{"name":"pytestconfig","time":{"start":1681060373132,"stop":1681060373132,"duration":0},"status":"passed","steps":[],"attachments":[],"parameters":[],"stepsCount":0,"attachmentsCount":0,"shouldDisplayMessage":false,"hasContent":false},{"name":"delete_output_dir","time":{"start":1681060373132,"stop":1681060373132,"duration":0},"status":"passed","steps":[],"attachments":[],"parameters":[],"stepsCount":0,"attachmentsCount":0,"shouldDisplayMessage":false,"hasContent":false},{"name":"new_page","time":{"start":1681060467337,"stop":1681060469411,"duration":2074},"status":"passed","steps":[],"attachments":[],"parameters":[],"stepsCount":0,"attachmentsCount":0,"shouldDisplayMessage":false,"hasContent":false},{"name":"test_setup","time":{"start":1681060469411,"stop":1681060469411,"duration":0},"status":"passed","steps":[],"attachments":[],"parameters":[],"stepsCount":0,"attachmentsCount":0,"shouldDisplayMessage":false,"hasContent":false}],"testStage":{"status":"failed","statusMessage":"AssertionError: Page title expected to be 'Automation Exercise - All Products'\nActual value: Automation Exercise \nCall log:\nPageAssertions.to_have_title with timeout 5000ms\nwaiting for locator(\":root\")\n  locator resolved to <html lang=\"en\">…</html>\n  unexpected value \"Automation Exercise\"\nwaiting for locator(\":root\")\n  locator resolved to <html lang=\"en\">…</html>\n  unexpected value \"Automation Exercise\"\n  locator resolved to <html lang=\"en\">…</html>\n  unexpected value \"Automation Exercise\"\n  locator resolved to <html lang=\"en\">…</html>\n  unexpected value \"Automation Exercise\"\n  locator resolved to <html lang=\"en\">…</html>\n  unexpected value \"Automation Exercise\"\n  locator resolved to <html lang=\"en\">…</html>\n  unexpected value \"Automation Exercise\"\n  locator resolved to <html lang=\"en\">…</html>\n  unexpected value \"Automation Exercise\"\n  locator resolved to <html lang=\"en\">…</html>\n  unexpected value \"Automation Exercise\"\n  locator resolved to <html lang=\"en\">…</html>\n  unexpected value \"Automation Exercise\"","statusTrace":"self = <tests.test_Category_Products.TestContactUs object at 0x7fb2da08ee10>\nnew_page = <Page url='https://automationexercise.com/#google_vignette'>\ntest_setup = None\n\n    def test_TestCase21_Add_review_on_product(self, new_page, test_setup):\n        self.products.click_products_btn()\n>       expect(new_page).to_have_title('Automation Exercise - All Products')\nE       AssertionError: Page title expected to be 'Automation Exercise - All Products'\nE       Actual value: Automation Exercise \nE       Call log:\nE       PageAssertions.to_have_title with timeout 5000ms\nE       waiting for locator(\":root\")\nE         locator resolved to <html lang=\"en\">…</html>\nE         unexpected value \"Automation Exercise\"\nE       waiting for locator(\":root\")\nE         locator resolved to <html lang=\"en\">…</html>\nE         unexpected value \"Automation Exercise\"\nE         locator resolved to <html lang=\"en\">…</html>\nE         unexpected value \"Automation Exercise\"\nE         locator resolved to <html lang=\"en\">…</html>\nE         unexpected value \"Automation Exercise\"\nE         locator resolved to <html lang=\"en\">…</html>\nE         unexpected value \"Automation Exercise\"\nE         locator resolved to <html lang=\"en\">…</html>\nE         unexpected value \"Automation Exercise\"\nE         locator resolved to <html lang=\"en\">…</html>\nE         unexpected value \"Automation Exercise\"\nE         locator resolved to <html lang=\"en\">…</html>\nE         unexpected value \"Automation Exercise\"\nE         locator resolved to <html lang=\"en\">…</html>\nE         unexpected value \"Automation Exercise\"\n\ntests/test_Category_Products.py:68: AssertionError","steps":[],"attachments":[{"uid":"b4e751738cc32487","name":"tests/test_Category_Products.py::TestContactUs::test_TestCase21_Add_review_on_product.png","source":"b4e751738cc32487.png","type":"image/png","size":3572536}],"parameters":[],"stepsCount":0,"attachmentsCount":1,"shouldDisplayMessage":true,"hasContent":true},"afterStages":[{"name":"new_page::0","time":{"start":1681060477112,"stop":1681060477160,"duration":48},"status":"passed","steps":[],"attachments":[],"parameters":[],"stepsCount":0,"attachmentsCount":0,"shouldDisplayMessage":false,"hasContent":false},{"name":"playwright::0","time":{"start":1681060631549,"stop":1681060631562,"duration":13},"status":"passed","steps":[],"attachments":[],"parameters":[],"stepsCount":0,"attachmentsCount":0,"shouldDisplayMessage":false,"hasContent":false}],"labels":[{"name":"parentSuite","value":"tests"},{"name":"suite","value":"test_Category_Products"},{"name":"subSuite","value":"TestContactUs"},{"name":"host","value":"fv-az1028-301"},{"name":"thread","value":"2653-MainThread"},{"name":"framework","value":"pytest"},{"name":"language","value":"cpython3"},{"name":"package","value":"tests.test_Category_Products"},{"name":"resultFormat","value":"allure2"}],"parameters":[],"links":[],"hidden":false,"retry":false,"extra":{"severity":"normal","retries":[],"categories":[{"name":"Product defects","matchedStatuses":[],"flaky":false}],"tags":[]},"source":"c78e9da298a9f301.json","parameterValues":[]}